<?xml version="1.0" encoding="UTF-8"?>
<robot generator="Robot 3.2.2 (Python 3.9.0 on win32)" generated="20210208 15:43:51.692" rpa="false">
<suite id="s1" name="Front Office" source="C:\Developpement\robot-scripts\front-office-3\tests\Front_Office.robot">
<test id="s1-t1" name="Should be able to access &quot;Team&quot; page">
<kw name="Begin Web Test" library="CommonWeb" type="setup">
<kw name="Open Browser" library="SeleniumLibrary">
<doc>Opens a new browser instance to the optional ``url``.</doc>
<arguments>
<arg>about:blank</arg>
<arg>${BROWSER}</arg>
</arguments>
<msg timestamp="20210208 15:43:51.961" level="INFO">Opening browser 'firefox' to base url 'about:blank'.</msg>
<msg timestamp="20210208 15:43:51.967" level="INFO">Firefox driver log is always forced to to: C:\Developpement\robot-scripts\front-office-3\results\geckodriver-5.log</msg>
<status status="PASS" starttime="20210208 15:43:51.961" endtime="20210208 15:43:57.132"></status>
</kw>
<status status="PASS" starttime="20210208 15:43:51.961" endtime="20210208 15:43:57.132"></status>
</kw>
<kw name="Go to Landing Page" library="FrontOfficeApp">
<kw name="Navigate To" library="Landing">
<kw name="Go To" library="SeleniumLibrary">
<doc>Navigates the current browser window to the provided ``url``.</doc>
<arguments>
<arg>${URL}</arg>
</arguments>
<msg timestamp="20210208 15:43:57.133" level="INFO">Opening url 'http://www.robotframeworktutorial.com/front-office'</msg>
<status status="PASS" starttime="20210208 15:43:57.133" endtime="20210208 15:44:00.534"></status>
</kw>
<status status="PASS" starttime="20210208 15:43:57.132" endtime="20210208 15:44:00.535"></status>
</kw>
<kw name="Verify Page Loaded" library="Landing">
<kw name="Wait Until Page Contains Element" library="SeleniumLibrary">
<doc>Waits until the element ``locator`` appears on the current page.</doc>
<arguments>
<arg>${LANDING_NAVIGATION_ELEMENT}</arg>
</arguments>
<status status="PASS" starttime="20210208 15:44:00.535" endtime="20210208 15:44:00.542"></status>
</kw>
<status status="PASS" starttime="20210208 15:44:00.535" endtime="20210208 15:44:00.542"></status>
</kw>
<status status="PASS" starttime="20210208 15:43:57.132" endtime="20210208 15:44:00.542"></status>
</kw>
<kw name="Go to &quot;Team&quot; Page" library="FrontOfficeApp">
<kw name="Select &quot;Team&quot; Page" library="TopNav">
<kw name="Click Element" library="SeleniumLibrary">
<doc>Click the element identified by ``locator``.</doc>
<arguments>
<arg>${TOP_NAV_TEAM_LINK}</arg>
</arguments>
<msg timestamp="20210208 15:44:00.543" level="INFO">Clicking element 'css=#bs-example-navbar-collapse-1 &gt; ul &gt; li:nth-child(5) &gt; a'.</msg>
<status status="PASS" starttime="20210208 15:44:00.543" endtime="20210208 15:44:00.764"></status>
</kw>
<kw name="Sleep" library="BuiltIn">
<doc>Pauses the test executed for the given time.</doc>
<arguments>
<arg>3s</arg>
</arguments>
<msg timestamp="20210208 15:44:03.765" level="INFO">Slept 3 seconds</msg>
<status status="PASS" starttime="20210208 15:44:00.764" endtime="20210208 15:44:03.765"></status>
</kw>
<status status="PASS" starttime="20210208 15:44:00.543" endtime="20210208 15:44:03.765"></status>
</kw>
<kw name="Verify Page Loaded" library="Team">
<kw name="Wait Until Page Contains Element" library="SeleniumLibrary">
<doc>Waits until the element ``locator`` appears on the current page.</doc>
<arguments>
<arg>${TEAM_HEADER_LABEL}</arg>
</arguments>
<status status="PASS" starttime="20210208 15:44:03.765" endtime="20210208 15:44:03.768"></status>
</kw>
<status status="PASS" starttime="20210208 15:44:03.765" endtime="20210208 15:44:03.768"></status>
</kw>
<status status="PASS" starttime="20210208 15:44:00.543" endtime="20210208 15:44:03.768"></status>
</kw>
<kw name="End Web Test" library="CommonWeb" type="teardown">
<kw name="Close All Browsers" library="SeleniumLibrary">
<doc>Closes all open browsers and resets the browser cache.</doc>
<status status="PASS" starttime="20210208 15:44:03.768" endtime="20210208 15:44:04.253"></status>
</kw>
<status status="PASS" starttime="20210208 15:44:03.768" endtime="20210208 15:44:04.253"></status>
</kw>
<doc>This is test 1</doc>
<tags>
<tag>test1</tag>
</tags>
<status status="PASS" starttime="20210208 15:43:51.960" endtime="20210208 15:44:04.253" critical="yes"></status>
</test>
<test id="s1-t2" name="&quot;Team&quot; page should match requirements">
<kw name="Begin Web Test" library="CommonWeb" type="setup">
<kw name="Open Browser" library="SeleniumLibrary">
<doc>Opens a new browser instance to the optional ``url``.</doc>
<arguments>
<arg>about:blank</arg>
<arg>${BROWSER}</arg>
</arguments>
<msg timestamp="20210208 15:44:04.255" level="INFO">Opening browser 'firefox' to base url 'about:blank'.</msg>
<msg timestamp="20210208 15:44:04.255" level="INFO">Firefox driver log is always forced to to: C:\Developpement\robot-scripts\front-office-3\results\geckodriver-6.log</msg>
<status status="PASS" starttime="20210208 15:44:04.255" endtime="20210208 15:44:09.390"></status>
</kw>
<status status="PASS" starttime="20210208 15:44:04.254" endtime="20210208 15:44:09.391"></status>
</kw>
<kw name="Go to Landing Page" library="FrontOfficeApp">
<kw name="Navigate To" library="Landing">
<kw name="Go To" library="SeleniumLibrary">
<doc>Navigates the current browser window to the provided ``url``.</doc>
<arguments>
<arg>${URL}</arg>
</arguments>
<msg timestamp="20210208 15:44:09.392" level="INFO">Opening url 'http://www.robotframeworktutorial.com/front-office'</msg>
<status status="PASS" starttime="20210208 15:44:09.392" endtime="20210208 15:44:12.385"></status>
</kw>
<status status="PASS" starttime="20210208 15:44:09.392" endtime="20210208 15:44:12.385"></status>
</kw>
<kw name="Verify Page Loaded" library="Landing">
<kw name="Wait Until Page Contains Element" library="SeleniumLibrary">
<doc>Waits until the element ``locator`` appears on the current page.</doc>
<arguments>
<arg>${LANDING_NAVIGATION_ELEMENT}</arg>
</arguments>
<status status="PASS" starttime="20210208 15:44:12.386" endtime="20210208 15:44:12.393"></status>
</kw>
<status status="PASS" starttime="20210208 15:44:12.386" endtime="20210208 15:44:12.393"></status>
</kw>
<status status="PASS" starttime="20210208 15:44:09.391" endtime="20210208 15:44:12.393"></status>
</kw>
<kw name="Go to &quot;Team&quot; Page" library="FrontOfficeApp">
<kw name="Select &quot;Team&quot; Page" library="TopNav">
<kw name="Click Element" library="SeleniumLibrary">
<doc>Click the element identified by ``locator``.</doc>
<arguments>
<arg>${TOP_NAV_TEAM_LINK}</arg>
</arguments>
<msg timestamp="20210208 15:44:12.394" level="INFO">Clicking element 'css=#bs-example-navbar-collapse-1 &gt; ul &gt; li:nth-child(5) &gt; a'.</msg>
<status status="PASS" starttime="20210208 15:44:12.394" endtime="20210208 15:44:12.612"></status>
</kw>
<kw name="Sleep" library="BuiltIn">
<doc>Pauses the test executed for the given time.</doc>
<arguments>
<arg>3s</arg>
</arguments>
<msg timestamp="20210208 15:44:15.613" level="INFO">Slept 3 seconds</msg>
<status status="PASS" starttime="20210208 15:44:12.612" endtime="20210208 15:44:15.613"></status>
</kw>
<status status="PASS" starttime="20210208 15:44:12.393" endtime="20210208 15:44:15.614"></status>
</kw>
<kw name="Verify Page Loaded" library="Team">
<kw name="Wait Until Page Contains Element" library="SeleniumLibrary">
<doc>Waits until the element ``locator`` appears on the current page.</doc>
<arguments>
<arg>${TEAM_HEADER_LABEL}</arg>
</arguments>
<status status="PASS" starttime="20210208 15:44:15.615" endtime="20210208 15:44:15.625"></status>
</kw>
<status status="PASS" starttime="20210208 15:44:15.614" endtime="20210208 15:44:15.625"></status>
</kw>
<status status="PASS" starttime="20210208 15:44:12.393" endtime="20210208 15:44:15.625"></status>
</kw>
<kw name="Validate &quot;Team&quot; Page" library="FrontOfficeApp">
<kw name="Validate Page Contents" library="Team">
<kw name="Get Text" library="SeleniumLibrary">
<doc>Returns the text value of the element identified by ``locator``.</doc>
<arguments>
<arg>${TEAM_HEADER_LABEL}</arg>
</arguments>
<assign>
<var>${ElementText}</var>
</assign>
<msg timestamp="20210208 15:44:15.647" level="INFO">${ElementText} = OUR AMAZING TEAM</msg>
<status status="PASS" starttime="20210208 15:44:15.627" endtime="20210208 15:44:15.647"></status>
</kw>
<kw name="Should Be Equal As Strings" library="BuiltIn">
<doc>Fails if objects are unequal after converting them to strings.</doc>
<arguments>
<arg>${ElementText}</arg>
<arg>Our Amazing Team</arg>
<arg>ignore_case=true</arg>
</arguments>
<status status="PASS" starttime="20210208 15:44:15.647" endtime="20210208 15:44:15.648"></status>
</kw>
<status status="PASS" starttime="20210208 15:44:15.627" endtime="20210208 15:44:15.648"></status>
</kw>
<status status="PASS" starttime="20210208 15:44:15.626" endtime="20210208 15:44:15.648"></status>
</kw>
<kw name="End Web Test" library="CommonWeb" type="teardown">
<kw name="Close All Browsers" library="SeleniumLibrary">
<doc>Closes all open browsers and resets the browser cache.</doc>
<status status="PASS" starttime="20210208 15:44:15.649" endtime="20210208 15:44:16.109"></status>
</kw>
<status status="PASS" starttime="20210208 15:44:15.648" endtime="20210208 15:44:16.109"></status>
</kw>
<doc>This is test 2</doc>
<tags>
<tag>test2</tag>
</tags>
<status status="PASS" starttime="20210208 15:44:04.254" endtime="20210208 15:44:16.109" critical="yes"></status>
</test>
<doc>Talk about what this suite of tests does</doc>
<status status="PASS" starttime="20210208 15:43:51.693" endtime="20210208 15:44:16.110"></status>
</suite>
<statistics>
<total>
<stat pass="2" fail="0">Critical Tests</stat>
<stat pass="2" fail="0">All Tests</stat>
</total>
<tag>
<stat pass="1" fail="0">test1</stat>
<stat pass="1" fail="0">test2</stat>
</tag>
<suite>
<stat pass="2" fail="0" id="s1" name="Front Office">Front Office</stat>
</suite>
</statistics>
<errors>
</errors>
</robot>
